{
  "RSpec": {
    "coverage": {
      "/portal-solar-dev-test/config/environment.rb": {
        "lines": [
          1,
          1
        ]
      },
      "/portal-solar-dev-test/config/application.rb": {
        "lines": [
          1,
          1,
          null,
          1,
          null,
          1,
          1,
          1,
          1,
          null,
          null
        ]
      },
      "/portal-solar-dev-test/config/boot.rb": {
        "lines": [
          1,
          null,
          1,
          1
        ]
      },
      "/portal-solar-dev-test/config/environments/test.rb": {
        "lines": [
          null,
          null,
          null,
          null,
          null,
          1,
          null,
          null,
          1,
          null,
          null,
          null,
          null,
          1,
          null,
          null,
          1,
          1,
          null,
          null,
          null,
          null,
          1,
          1,
          1,
          null,
          null,
          1,
          null,
          null,
          1,
          null,
          null,
          1,
          null,
          1,
          null,
          null,
          null,
          null,
          1,
          null,
          null,
          1,
          null,
          null,
          null,
          null
        ]
      },
      "/portal-solar-dev-test/config/initializers/application_controller_renderer.rb": {
        "lines": [
          null,
          null,
          null,
          null,
          null,
          null,
          null,
          null
        ]
      },
      "/portal-solar-dev-test/config/initializers/assets.rb": {
        "lines": [
          1,
          1
        ]
      },
      "/portal-solar-dev-test/config/initializers/backtrace_silencers.rb": {
        "lines": [
          null,
          null,
          null,
          null,
          null,
          null,
          null
        ]
      },
      "/portal-solar-dev-test/config/initializers/content_security_policy.rb": {
        "lines": [
          null,
          null,
          null,
          null,
          null,
          null,
          null,
          null,
          null,
          null,
          null,
          null,
          null,
          null,
          null,
          null,
          null,
          null,
          null,
          null,
          null,
          null,
          null,
          null,
          null,
          null,
          null,
          null,
          null,
          null
        ]
      },
      "/portal-solar-dev-test/config/initializers/cookies_serializer.rb": {
        "lines": [
          null,
          null,
          null,
          null,
          1
        ]
      },
      "/portal-solar-dev-test/config/initializers/filter_parameter_logging.rb": {
        "lines": [
          1
        ]
      },
      "/portal-solar-dev-test/config/initializers/inflections.rb": {
        "lines": [
          null,
          null,
          null,
          null,
          null,
          null,
          null,
          null,
          null,
          null,
          null,
          null,
          null,
          null,
          null,
          null
        ]
      },
      "/portal-solar-dev-test/config/initializers/mime_types.rb": {
        "lines": [
          null,
          null,
          null,
          null
        ]
      },
      "/portal-solar-dev-test/config/initializers/wrap_parameters.rb": {
        "lines": [
          null,
          null,
          null,
          null,
          null,
          null,
          1,
          2,
          null,
          null,
          null,
          null,
          null,
          null
        ]
      },
      "/portal-solar-dev-test/spec/factories/freigths.rb": {
        "lines": [
          1,
          1,
          1,
          1,
          1,
          1,
          null,
          null
        ]
      },
      "/portal-solar-dev-test/spec/factories/power_generators.rb": {
        "lines": [
          1,
          1,
          20,
          1,
          19,
          null,
          null,
          null,
          null,
          null,
          1,
          28,
          null,
          null,
          29,
          9,
          9,
          23,
          23,
          23,
          23,
          29,
          null,
          null
        ]
      },
      "/portal-solar-dev-test/config/routes.rb": {
        "lines": [
          1,
          1,
          null,
          1,
          1,
          1,
          null,
          null
        ]
      },
      "/portal-solar-dev-test/app/helpers/application_helper.rb": {
        "lines": [
          1,
          null
        ]
      },
      "/portal-solar-dev-test/spec/features/visitor_consult_delivery_costs_spec.rb": {
        "lines": [
          1,
          null,
          1,
          1,
          1,
          null,
          null,
          1,
          null,
          1,
          null,
          1,
          null,
          null,
          1,
          1,
          1,
          1,
          null,
          1,
          1,
          1,
          null,
          null,
          1,
          1,
          null,
          null,
          1,
          null,
          1,
          null,
          1,
          null,
          null,
          1,
          1,
          1,
          1,
          null,
          1,
          1,
          1,
          null,
          null,
          1,
          1,
          null,
          null,
          null,
          1,
          1,
          1,
          1,
          null,
          1,
          null,
          null,
          null
        ]
      },
      "/portal-solar-dev-test/spec/features/visitor_get_recommendations_spec.rb": {
        "lines": [
          1,
          null,
          1,
          1,
          1,
          null,
          null,
          null,
          null,
          1,
          null,
          null,
          null,
          null,
          1,
          null,
          null,
          null,
          null,
          null,
          1,
          1,
          1,
          1,
          1,
          null,
          1,
          1,
          1,
          1,
          1,
          1,
          null,
          null,
          1,
          1,
          1,
          1,
          1,
          null,
          1,
          null,
          null,
          1,
          1,
          null,
          null,
          null,
          1,
          null,
          null,
          null,
          1,
          null,
          null,
          null,
          null,
          1,
          1,
          1,
          1,
          null,
          1,
          1,
          1,
          1,
          1,
          1,
          null,
          null,
          1,
          1,
          null,
          null,
          null,
          1,
          null,
          null,
          null,
          1,
          null,
          null,
          null,
          null,
          1,
          1,
          1,
          null,
          1,
          1,
          1,
          1,
          1,
          1,
          null,
          null
        ]
      },
      "/portal-solar-dev-test/app/models/power_generator.rb": {
        "lines": [
          1,
          1,
          1,
          null,
          1,
          null,
          1,
          null,
          1,
          null,
          1,
          null,
          null,
          1,
          null,
          null,
          1,
          3,
          3,
          null,
          null
        ]
      },
      "/portal-solar-dev-test/app/models/application_record.rb": {
        "lines": [
          1,
          1,
          null
        ]
      },
      "/portal-solar-dev-test/app/controllers/power_generators_controller.rb": {
        "lines": [
          1,
          1,
          19,
          19,
          1,
          18,
          1,
          17,
          1,
          null,
          16,
          null,
          null,
          null,
          1,
          3,
          3,
          null,
          null,
          1,
          3,
          3,
          3,
          null,
          2,
          2,
          2,
          null,
          null,
          1,
          3,
          3,
          1,
          null,
          1,
          null,
          2,
          null,
          null,
          1,
          4,
          4,
          null,
          4,
          null,
          4,
          4,
          4,
          4,
          null,
          null
        ]
      },
      "/portal-solar-dev-test/app/controllers/application_controller.rb": {
        "lines": [
          1,
          1,
          null
        ]
      },
      "/portal-solar-dev-test/app/models/freight.rb": {
        "lines": [
          1,
          1,
          null,
          1,
          2,
          1,
          null,
          null,
          null,
          null,
          1,
          null,
          null,
          null,
          null,
          null,
          null
        ]
      },
      "/portal-solar-dev-test/app/services/search.rb": {
        "lines": [
          1,
          1,
          null,
          1,
          4,
          4,
          null,
          null,
          1,
          4,
          4,
          4,
          null,
          null,
          1,
          3,
          2,
          null,
          1,
          null,
          null,
          null
        ]
      }
    },
    "timestamp": 1583720273
  }
}
